"Severity","ThreadID","Date","Time","Application","Message"
"ERROR","web-0","12/12/2013","16:39:32","","Page /CFIDE/administrator/enter.cfm [C:\inetpub\wwwroot\www.jacquesandsienna.com\CFIDE\administrator\enter.cfm] not found
	at railo.runtime.PageSourceImpl.loadPage(PageSourceImpl.java:888):888
	at railo.runtime.PageContextImpl.doInclude(PageContextImpl.java:764):764
	at railo.runtime.PageContextImpl.doInclude(PageContextImpl.java:753):753
	at railo.runtime.listener.ClassicAppListener._onRequest(ClassicAppListener.java:36):36
	at railo.runtime.listener.MixedAppListener.onRequest(MixedAppListener.java:19):19
	at railo.runtime.PageContextImpl.execute(PageContextImpl.java:2255):2255
	at railo.runtime.PageContextImpl.execute(PageContextImpl.java:2222):2222
	at railo.runtime.engine.CFMLEngineImpl.serviceCFML(CFMLEngineImpl.java:310):310
	at railo.loader.servlet.CFMLServlet.service(CFMLServlet.java:29):29
	at javax.servlet.http.HttpServlet.service(HttpServlet.java:722):722
	at org.apache.catalina.core.ApplicationFilterChain.internalDoFilter(ApplicationFilterChain.java:305):305
	at org.apache.catalina.core.ApplicationFilterChain.doFilter(ApplicationFilterChain.java:210):210
	at org.apache.catalina.core.StandardWrapperValve.invoke(StandardWrapperValve.java:225):225
	at org.apache.catalina.core.StandardContextValve.invoke(StandardContextValve.java:123):123
	at org.apache.catalina.authenticator.AuthenticatorBase.invoke(AuthenticatorBase.java:472):472
	at org.apache.catalina.core.StandardHostValve.invoke(StandardHostValve.java:168):168
	at org.apache.catalina.valves.ErrorReportValve.invoke(ErrorReportValve.java:98):98
	at org.apache.catalina.core.StandardEngineValve.invoke(StandardEngineValve.java:118):118
	at org.apache.catalina.connector.CoyoteAdapter.service(CoyoteAdapter.java:407):407
	at org.apache.coyote.ajp.AjpProcessor.process(AjpProcessor.java:200):200
	at org.apache.coyote.AbstractProtocol$AbstractConnectionHandler.process(AbstractProtocol.java:585):585
	at org.apache.tomcat.util.net.JIoEndpoint$SocketProcessor.run(JIoEndpoint.java:310):310
	at java.util.concurrent.ThreadPoolExecutor.runWorker(Unknown Source):-1
	at java.util.concurrent.ThreadPoolExecutor$Worker.run(Unknown Source):-1
	at java.lang.Thread.run(Unknown Source):-1
"
